---------------------------------------------------------------
[ 2017-10-21T18:00:22+08:00 ] ::1 ::1 GET /admin/ajax/wipecache?_=1508579985130
[ info ] www.tpc.com/admin/ajax/wipecache?_=1508579985130 [运行时间：0.196011s][吞吐率：5.10req/s] [内存消耗：2,854.81kb] [文件加载：70]
[ info ] [ BEHAVIOR ] Run Closure @app_init [ RunTime:0.000000s ]
[ info ] [ CACHE ] INIT File
[ info ] [ BEHAVIOR ] Run Closure @app_init [ RunTime:0.004000s ]
[ info ] [ LANG ] C:\wamp\www\TPC\tp5\thinkphp\lang\zh-cn.php
[ info ] [ ROUTE ] array (
  'type' => 'module',
  'module' => 
  array (
    0 => 'admin',
    1 => 'ajax',
    2 => 'wipecache',
  ),
)
[ info ] [ HEADER ] array (
  'host' => 'www.tpc.com',
  'connection' => 'keep-alive',
  'accept' => 'application/json, text/javascript, */*; q=0.01',
  'x-requested-with' => 'XMLHttpRequest',
  'user-agent' => 'Mozilla/5.0 (Windows NT 6.1) AppleWebKit/537.36 (KHTML, like Gecko) Chrome/61.0.3163.100 Safari/537.36',
  'referer' => 'http://www.tpc.com/admin/auth/rule?ref=addtabs',
  'accept-encoding' => 'gzip, deflate',
  'accept-language' => 'zh-CN,zh;q=0.8',
  'cookie' => 'pgv_pvi=6686093312; ied_rf=www.tpc.com/homepage; pgv_pvid=2138241868; Hm_lvt_f8d0a8c400404989e195270b0bbf060a=1508576162,1508579976; Hm_lpvt_f8d0a8c400404989e195270b0bbf060a=1508579976; PHPSESSID=pqtcpft4ble6knk0fb0ldq6091',
)
[ info ] [ PARAM ] array (
  '_' => '1508579985130',
)
[ info ] [ LANG ] C:\wamp\www\TPC\tp5\public/../application/admin\lang\zh-cn.php
[ info ] [ BEHAVIOR ] Run app\common\behavior\Common @module_init [ RunTime:0.001000s ]
[ info ] [ SESSION ] INIT array (
  'id' => '',
  'var_session_id' => '',
  'prefix' => 'think',
  'type' => '',
  'auto_start' => true,
)
[ info ] [ RUN ] app\admin\controller\Ajax->wipecache[ C:\wamp\www\TPC\tp5\application\admin\controller\Ajax.php ]
[ info ] [ BEHAVIOR ] Run app\admin\behavior\AdminLog @app_end [ RunTime:0.001000s ]
[ info ] [ LOG ] INIT File
---------------------------------------------------------------
[ 2017-10-21T18:00:23+08:00 ] ::1 ::1 GET /admin/auth/rule?ref=addtabs
[ info ] www.tpc.com/admin/auth/rule?ref=addtabs [运行时间：0.144008s][吞吐率：6.94req/s] [内存消耗：3,643.45kb] [文件加载：75]
[ info ] [ BEHAVIOR ] Run Closure @app_init [ RunTime:0.000000s ]
[ info ] [ CACHE ] INIT File
[ info ] [ BEHAVIOR ] Run Closure @app_init [ RunTime:0.006000s ]
[ info ] [ LANG ] C:\wamp\www\TPC\tp5\thinkphp\lang\zh-cn.php
[ info ] [ ROUTE ] array (
  'type' => 'module',
  'module' => 
  array (
    0 => 'admin',
    1 => 'auth.rule',
    2 => NULL,
  ),
)
[ info ] [ HEADER ] array (
  'host' => 'www.tpc.com',
  'connection' => 'keep-alive',
  'cache-control' => 'max-age=0',
  'user-agent' => 'Mozilla/5.0 (Windows NT 6.1) AppleWebKit/537.36 (KHTML, like Gecko) Chrome/61.0.3163.100 Safari/537.36',
  'upgrade-insecure-requests' => '1',
  'accept' => 'text/html,application/xhtml+xml,application/xml;q=0.9,image/webp,image/apng,*/*;q=0.8',
  'referer' => 'http://www.tpc.com/admin/dashboard?ref=addtabs',
  'accept-encoding' => 'gzip, deflate',
  'accept-language' => 'zh-CN,zh;q=0.8',
  'cookie' => 'pgv_pvi=6686093312; ied_rf=www.tpc.com/homepage; pgv_pvid=2138241868; Hm_lvt_f8d0a8c400404989e195270b0bbf060a=1508576162,1508579976; Hm_lpvt_f8d0a8c400404989e195270b0bbf060a=1508579976; PHPSESSID=pqtcpft4ble6knk0fb0ldq6091',
)
[ info ] [ PARAM ] array (
  'ref' => 'addtabs',
)
[ info ] [ LANG ] C:\wamp\www\TPC\tp5\public/../application/admin\lang\zh-cn.php
[ info ] [ BEHAVIOR ] Run app\common\behavior\Common @module_init [ RunTime:0.002000s ]
[ info ] [ SESSION ] INIT array (
  'id' => '',
  'var_session_id' => '',
  'prefix' => 'think',
  'type' => '',
  'auto_start' => true,
)
[ info ] [ DB ] INIT mysql
[ info ] [ BEHAVIOR ] Run app\admin\behavior\AdminLog @app_end [ RunTime:0.000000s ]
[ info ] [ LOG ] INIT File
[ sql ] [ DB ] CONNECT:[ UseTime:0.012001s ] mysql:dbname=tpc;host=localhost;charset=utf8
[ sql ] [ SQL ] SHOW COLUMNS FROM `tpc_auth_group_access` [ RunTime:0.019001s ]
[ sql ] [ SQL ] SELECT `AuthGroupAccess`.`uid`,`AuthGroupAccess`.`group_id`,`AuthGroup`.`id`,`AuthGroup`.`pid`,`AuthGroup`.`name`,`AuthGroup`.`rules` FROM `tpc_auth_group_access` `AuthGroupAccess` LEFT JOIN `tpc_auth_group` `AuthGroup` ON `AuthGroupAccess`.`group_id`=`AuthGroup`.`id` WHERE  (  AuthGroupAccess.uid='1' and AuthGroup.status='normal' ) [ RunTime:0.003000s ]
[ sql ] [ SQL ] SHOW COLUMNS FROM `tpc_auth_rule` [ RunTime:0.004001s ]
[ sql ] [ SQL ] SELECT `id`,`pid`,`condition`,`icon`,`name`,`title`,`ismenu` FROM `tpc_auth_rule` WHERE  `status` = 'normal' [ RunTime:0.001000s ]
---------------------------------------------------------------
[ 2017-10-21T18:00:24+08:00 ] ::1 ::1 GET /admin/index/index
[ info ] www.tpc.com/admin/index/index [运行时间：0.278016s][吞吐率：3.60req/s] [内存消耗：4,136.80kb] [文件加载：91]
[ info ] [ BEHAVIOR ] Run Closure @app_init [ RunTime:0.000000s ]
[ info ] [ CACHE ] INIT File
[ info ] [ BEHAVIOR ] Run Closure @app_init [ RunTime:0.004000s ]
[ info ] [ LANG ] C:\wamp\www\TPC\tp5\thinkphp\lang\zh-cn.php
[ info ] [ ROUTE ] array (
  'type' => 'module',
  'module' => 
  array (
    0 => 'admin',
    1 => 'index',
    2 => 'index',
  ),
)
[ info ] [ HEADER ] array (
  'host' => 'www.tpc.com',
  'connection' => 'keep-alive',
  'cache-control' => 'max-age=0',
  'user-agent' => 'Mozilla/5.0 (Windows NT 6.1) AppleWebKit/537.36 (KHTML, like Gecko) Chrome/61.0.3163.100 Safari/537.36',
  'upgrade-insecure-requests' => '1',
  'accept' => 'text/html,application/xhtml+xml,application/xml;q=0.9,image/webp,image/apng,*/*;q=0.8',
  'referer' => 'http://www.tpc.com/admin/dashboard?ref=addtabs',
  'accept-encoding' => 'gzip, deflate',
  'accept-language' => 'zh-CN,zh;q=0.8',
  'cookie' => 'pgv_pvi=6686093312; ied_rf=www.tpc.com/homepage; pgv_pvid=2138241868; Hm_lvt_f8d0a8c400404989e195270b0bbf060a=1508576162,1508579976; Hm_lpvt_f8d0a8c400404989e195270b0bbf060a=1508579976; PHPSESSID=pqtcpft4ble6knk0fb0ldq6091',
)
[ info ] [ PARAM ] array (
)
[ info ] [ LANG ] C:\wamp\www\TPC\tp5\public/../application/admin\lang\zh-cn.php
[ info ] [ BEHAVIOR ] Run app\common\behavior\Common @module_init [ RunTime:0.001000s ]
[ info ] [ SESSION ] INIT array (
  'id' => '',
  'var_session_id' => '',
  'prefix' => 'think',
  'type' => '',
  'auto_start' => true,
)
[ info ] [ LANG ] C:\wamp\www\TPC\tp5\public/../application/admin/lang/zh-cn/index.php
[ info ] [ RUN ] app\admin\controller\Index->index[ C:\wamp\www\TPC\tp5\application\admin\controller\Index.php ]
[ info ] [ DB ] INIT mysql
[ info ] [ VIEW ] C:\wamp\www\TPC\tp5\public/../application/admin\view\index\index.html [ array (
  0 => 'breadcrumb',
  1 => 'site',
  2 => 'config',
  3 => 'auth',
  4 => 'admin',
  5 => 'menulist',
  6 => 'title',
) ]
[ info ] [ BEHAVIOR ] Run app\admin\behavior\AdminLog @app_end [ RunTime:0.000000s ]
[ info ] [ LOG ] INIT File
[ sql ] [ DB ] CONNECT:[ UseTime:0.002000s ] mysql:dbname=tpc;host=localhost;charset=utf8
[ sql ] [ SQL ] SHOW COLUMNS FROM `tpc_auth_group_access` [ RunTime:0.001000s ]
[ sql ] [ SQL ] SELECT `AuthGroupAccess`.`uid`,`AuthGroupAccess`.`group_id`,`AuthGroup`.`id`,`AuthGroup`.`pid`,`AuthGroup`.`name`,`AuthGroup`.`rules` FROM `tpc_auth_group_access` `AuthGroupAccess` LEFT JOIN `tpc_auth_group` `AuthGroup` ON `AuthGroupAccess`.`group_id`=`AuthGroup`.`id` WHERE  (  AuthGroupAccess.uid='1' and AuthGroup.status='normal' ) [ RunTime:0.000000s ]
[ sql ] [ SQL ] SHOW COLUMNS FROM `tpc_auth_rule` [ RunTime:0.001000s ]
[ sql ] [ SQL ] SELECT `id`,`pid`,`condition`,`icon`,`name`,`title`,`ismenu` FROM `tpc_auth_rule` WHERE  `status` = 'normal' [ RunTime:0.002001s ]
[ sql ] [ SQL ] SELECT * FROM `tpc_auth_rule` WHERE  `ismenu` = 1 ORDER BY `weigh`  desc [ RunTime:0.001000s ]
---------------------------------------------------------------
[ 2017-10-21T18:00:24+08:00 ] ::1 ::1 GET /admin/ajax/lang?callback=define&controllername=index&v=1508580023
[ info ] www.tpc.com/admin/ajax/lang?callback=define&controllername=index&v=1508580023 [运行时间：0.078005s][吞吐率：12.82req/s] [内存消耗：2,857.82kb] [文件加载：70]
[ info ] [ BEHAVIOR ] Run Closure @app_init [ RunTime:0.001000s ]
[ info ] [ CACHE ] INIT File
[ info ] [ BEHAVIOR ] Run Closure @app_init [ RunTime:0.005001s ]
[ info ] [ LANG ] C:\wamp\www\TPC\tp5\thinkphp\lang\zh-cn.php
[ info ] [ ROUTE ] array (
  'type' => 'module',
  'module' => 
  array (
    0 => 'admin',
    1 => 'ajax',
    2 => 'lang',
  ),
)
[ info ] [ HEADER ] array (
  'host' => 'www.tpc.com',
  'connection' => 'keep-alive',
  'user-agent' => 'Mozilla/5.0 (Windows NT 6.1) AppleWebKit/537.36 (KHTML, like Gecko) Chrome/61.0.3163.100 Safari/537.36',
  'accept' => '*/*',
  'referer' => 'http://www.tpc.com/admin/index/index',
  'accept-encoding' => 'gzip, deflate',
  'accept-language' => 'zh-CN,zh;q=0.8',
  'cookie' => 'pgv_pvi=6686093312; ied_rf=www.tpc.com/homepage; pgv_pvid=2138241868; Hm_lvt_f8d0a8c400404989e195270b0bbf060a=1508576162,1508579976; Hm_lpvt_f8d0a8c400404989e195270b0bbf060a=1508579976; PHPSESSID=pqtcpft4ble6knk0fb0ldq6091',
)
[ info ] [ PARAM ] array (
  'callback' => 'define',
  'controllername' => 'index',
  'v' => '1508580023',
)
[ info ] [ LANG ] C:\wamp\www\TPC\tp5\public/../application/admin\lang\zh-cn.php
[ info ] [ BEHAVIOR ] Run app\common\behavior\Common @module_init [ RunTime:0.001000s ]
[ info ] [ SESSION ] INIT array (
  'id' => '',
  'var_session_id' => '',
  'prefix' => 'think',
  'type' => '',
  'auto_start' => true,
)
[ info ] [ RUN ] app\admin\controller\Ajax->lang[ C:\wamp\www\TPC\tp5\application\admin\controller\Ajax.php ]
[ info ] [ LANG ] C:\wamp\www\TPC\tp5\public/../application/admin/lang/zh-cn/index.php
[ info ] [ BEHAVIOR ] Run app\admin\behavior\AdminLog @app_end [ RunTime:0.001000s ]
[ info ] [ LOG ] INIT File
---------------------------------------------------------------
[ 2017-10-21T18:00:25+08:00 ] ::1 ::1 GET /admin/dashboard?addtabs=1
[ info ] www.tpc.com/admin/dashboard?addtabs=1 [运行时间：0.191010s][吞吐率：5.24req/s] [内存消耗：3,973.45kb] [文件加载：80]
[ info ] [ BEHAVIOR ] Run Closure @app_init [ RunTime:0.000000s ]
[ info ] [ CACHE ] INIT File
[ info ] [ BEHAVIOR ] Run Closure @app_init [ RunTime:0.006000s ]
[ info ] [ LANG ] C:\wamp\www\TPC\tp5\thinkphp\lang\zh-cn.php
[ info ] [ ROUTE ] array (
  'type' => 'module',
  'module' => 
  array (
    0 => 'admin',
    1 => 'dashboard',
    2 => NULL,
  ),
)
[ info ] [ HEADER ] array (
  'host' => 'www.tpc.com',
  'connection' => 'keep-alive',
  'upgrade-insecure-requests' => '1',
  'user-agent' => 'Mozilla/5.0 (Windows NT 6.1) AppleWebKit/537.36 (KHTML, like Gecko) Chrome/61.0.3163.100 Safari/537.36',
  'accept' => 'text/html,application/xhtml+xml,application/xml;q=0.9,image/webp,image/apng,*/*;q=0.8',
  'referer' => 'http://www.tpc.com/admin/dashboard?ref=addtabs',
  'accept-encoding' => 'gzip, deflate',
  'accept-language' => 'zh-CN,zh;q=0.8',
  'cookie' => 'pgv_pvi=6686093312; ied_rf=www.tpc.com/homepage; pgv_pvid=2138241868; Hm_lvt_f8d0a8c400404989e195270b0bbf060a=1508576162,1508579976; Hm_lpvt_f8d0a8c400404989e195270b0bbf060a=1508579976; PHPSESSID=pqtcpft4ble6knk0fb0ldq6091',
)
[ info ] [ PARAM ] array (
  'addtabs' => '1',
)
[ info ] [ LANG ] C:\wamp\www\TPC\tp5\public/../application/admin\lang\zh-cn.php
[ info ] [ BEHAVIOR ] Run app\common\behavior\Common @module_init [ RunTime:0.001000s ]
[ info ] [ SESSION ] INIT array (
  'id' => '',
  'var_session_id' => '',
  'prefix' => 'think',
  'type' => '',
  'auto_start' => true,
)
[ info ] [ DB ] INIT mysql
[ info ] [ LANG ] C:\wamp\www\TPC\tp5\public/../application/admin/lang/zh-cn/dashboard.php
[ info ] [ RUN ] app\admin\controller\Dashboard->index[ C:\wamp\www\TPC\tp5\application\admin\controller\Dashboard.php ]
[ info ] [ VIEW ] C:\wamp\www\TPC\tp5\public/../application/admin\view\dashboard\index.html [ array (
  0 => 'breadcrumb',
  1 => 'site',
  2 => 'config',
  3 => 'auth',
  4 => 'admin',
  5 => 'totaluser',
  6 => 'totalviews',
  7 => 'totalorder',
  8 => 'totalorderamount',
  9 => 'todayuserlogin',
  10 => 'todayusersignup',
  11 => 'todayorder',
  12 => 'unsettleorder',
  13 => 'sevendnu',
  14 => 'sevendau',
  15 => 'paylist',
  16 => 'createlist',
  17 => 'uploadmode',
) ]
[ info ] [ BEHAVIOR ] Run app\admin\behavior\AdminLog @app_end [ RunTime:0.001000s ]
[ info ] [ LOG ] INIT File
[ sql ] [ DB ] CONNECT:[ UseTime:0.014001s ] mysql:dbname=tpc;host=localhost;charset=utf8
[ sql ] [ SQL ] SHOW COLUMNS FROM `tpc_auth_group_access` [ RunTime:0.003000s ]
[ sql ] [ SQL ] SELECT `AuthGroupAccess`.`uid`,`AuthGroupAccess`.`group_id`,`AuthGroup`.`id`,`AuthGroup`.`pid`,`AuthGroup`.`name`,`AuthGroup`.`rules` FROM `tpc_auth_group_access` `AuthGroupAccess` LEFT JOIN `tpc_auth_group` `AuthGroup` ON `AuthGroupAccess`.`group_id`=`AuthGroup`.`id` WHERE  (  AuthGroupAccess.uid='1' and AuthGroup.status='normal' ) [ RunTime:0.002000s ]
[ sql ] [ SQL ] SHOW COLUMNS FROM `tpc_auth_rule` [ RunTime:0.003000s ]
[ sql ] [ SQL ] SELECT `id`,`pid`,`condition`,`icon`,`name`,`title`,`ismenu` FROM `tpc_auth_rule` WHERE  `status` = 'normal' [ RunTime:0.000000s ]
[ sql ] [ SQL ] SELECT `title`,`remark` FROM `tpc_auth_rule` WHERE  `name` = 'dashboard' LIMIT 1 [ RunTime:0.001000s ]
---------------------------------------------------------------
[ 2017-10-21T18:00:25+08:00 ] ::1 ::1 GET /admin/auth/rule?addtabs=1
[ info ] www.tpc.com/admin/auth/rule?addtabs=1 [运行时间：0.341019s][吞吐率：2.93req/s] [内存消耗：4,070.08kb] [文件加载：82]
[ info ] [ BEHAVIOR ] Run Closure @app_init [ RunTime:0.000000s ]
[ info ] [ CACHE ] INIT File
[ info ] [ BEHAVIOR ] Run Closure @app_init [ RunTime:0.013001s ]
[ info ] [ LANG ] C:\wamp\www\TPC\tp5\thinkphp\lang\zh-cn.php
[ info ] [ ROUTE ] array (
  'type' => 'module',
  'module' => 
  array (
    0 => 'admin',
    1 => 'auth.rule',
    2 => NULL,
  ),
)
[ info ] [ HEADER ] array (
  'host' => 'www.tpc.com',
  'connection' => 'keep-alive',
  'upgrade-insecure-requests' => '1',
  'user-agent' => 'Mozilla/5.0 (Windows NT 6.1) AppleWebKit/537.36 (KHTML, like Gecko) Chrome/61.0.3163.100 Safari/537.36',
  'accept' => 'text/html,application/xhtml+xml,application/xml;q=0.9,image/webp,image/apng,*/*;q=0.8',
  'referer' => 'http://www.tpc.com/admin/auth/rule?ref=addtabs',
  'accept-encoding' => 'gzip, deflate',
  'accept-language' => 'zh-CN,zh;q=0.8',
  'cookie' => 'pgv_pvi=6686093312; ied_rf=www.tpc.com/homepage; pgv_pvid=2138241868; Hm_lvt_f8d0a8c400404989e195270b0bbf060a=1508576162,1508579976; Hm_lpvt_f8d0a8c400404989e195270b0bbf060a=1508579976; PHPSESSID=pqtcpft4ble6knk0fb0ldq6091',
)
[ info ] [ PARAM ] array (
  'addtabs' => '1',
)
[ info ] [ LANG ] C:\wamp\www\TPC\tp5\public/../application/admin\lang\zh-cn.php
[ info ] [ BEHAVIOR ] Run app\common\behavior\Common @module_init [ RunTime:0.001000s ]
[ info ] [ SESSION ] INIT array (
  'id' => '',
  'var_session_id' => '',
  'prefix' => 'think',
  'type' => '',
  'auto_start' => true,
)
[ info ] [ DB ] INIT mysql
[ info ] [ LANG ] C:\wamp\www\TPC\tp5\public/../application/admin/lang/zh-cn/auth/rule.php
[ info ] [ RUN ] app\admin\controller\auth\Rule->index[ C:\wamp\www\TPC\tp5\application\admin\controller\auth\Rule.php ]
[ info ] [ VIEW ] C:\wamp\www\TPC\tp5\public/../application/admin\view\auth\rule\index.html [ array (
  0 => 'breadcrumb',
  1 => 'site',
  2 => 'config',
  3 => 'auth',
  4 => 'admin',
  5 => 'ruledata',
) ]
[ info ] [ BEHAVIOR ] Run app\admin\behavior\AdminLog @app_end [ RunTime:0.000000s ]
[ info ] [ LOG ] INIT File
[ sql ] [ DB ] CONNECT:[ UseTime:0.039002s ] mysql:dbname=tpc;host=localhost;charset=utf8
[ sql ] [ SQL ] SHOW COLUMNS FROM `tpc_auth_group_access` [ RunTime:0.022002s ]
[ sql ] [ SQL ] SELECT `AuthGroupAccess`.`uid`,`AuthGroupAccess`.`group_id`,`AuthGroup`.`id`,`AuthGroup`.`pid`,`AuthGroup`.`name`,`AuthGroup`.`rules` FROM `tpc_auth_group_access` `AuthGroupAccess` LEFT JOIN `tpc_auth_group` `AuthGroup` ON `AuthGroupAccess`.`group_id`=`AuthGroup`.`id` WHERE  (  AuthGroupAccess.uid='1' and AuthGroup.status='normal' ) [ RunTime:0.025001s ]
[ sql ] [ SQL ] SHOW COLUMNS FROM `tpc_auth_rule` [ RunTime:0.005000s ]
[ sql ] [ SQL ] SELECT `id`,`pid`,`condition`,`icon`,`name`,`title`,`ismenu` FROM `tpc_auth_rule` WHERE  `status` = 'normal' [ RunTime:0.001000s ]
[ sql ] [ SQL ] SELECT * FROM `tpc_auth_rule` ORDER BY `weigh`  desc [ RunTime:0.001000s ]
[ sql ] [ SQL ] SELECT `title`,`remark` FROM `tpc_auth_rule` WHERE  `name` = 'auth/rule' LIMIT 1 [ RunTime:0.001000s ]
---------------------------------------------------------------
[ 2017-10-21T18:00:25+08:00 ] ::1 ::1 GET /admin/ajax/lang?callback=define&controllername=auth.rule&v=1508580024
[ info ] www.tpc.com/admin/ajax/lang?callback=define&controllername=auth.rule&v=1508580024 [运行时间：0.091005s][吞吐率：10.99req/s] [内存消耗：2,855.52kb] [文件加载：70]
[ info ] [ BEHAVIOR ] Run Closure @app_init [ RunTime:0.000000s ]
[ info ] [ CACHE ] INIT File
[ info ] [ BEHAVIOR ] Run Closure @app_init [ RunTime:0.021001s ]
[ info ] [ LANG ] C:\wamp\www\TPC\tp5\thinkphp\lang\zh-cn.php
[ info ] [ ROUTE ] array (
  'type' => 'module',
  'module' => 
  array (
    0 => 'admin',
    1 => 'ajax',
    2 => 'lang',
  ),
)
[ info ] [ HEADER ] array (
  'host' => 'www.tpc.com',
  'connection' => 'keep-alive',
  'user-agent' => 'Mozilla/5.0 (Windows NT 6.1) AppleWebKit/537.36 (KHTML, like Gecko) Chrome/61.0.3163.100 Safari/537.36',
  'accept' => '*/*',
  'referer' => 'http://www.tpc.com/admin/auth/rule?addtabs=1',
  'accept-encoding' => 'gzip, deflate',
  'accept-language' => 'zh-CN,zh;q=0.8',
  'cookie' => 'pgv_pvi=6686093312; ied_rf=www.tpc.com/homepage; pgv_pvid=2138241868; Hm_lvt_f8d0a8c400404989e195270b0bbf060a=1508576162,1508579976; Hm_lpvt_f8d0a8c400404989e195270b0bbf060a=1508579976; PHPSESSID=pqtcpft4ble6knk0fb0ldq6091',
)
[ info ] [ PARAM ] array (
  'callback' => 'define',
  'controllername' => 'auth.rule',
  'v' => '1508580024',
)
[ info ] [ LANG ] C:\wamp\www\TPC\tp5\public/../application/admin\lang\zh-cn.php
[ info ] [ BEHAVIOR ] Run app\common\behavior\Common @module_init [ RunTime:0.001000s ]
[ info ] [ SESSION ] INIT array (
  'id' => '',
  'var_session_id' => '',
  'prefix' => 'think',
  'type' => '',
  'auto_start' => true,
)
[ info ] [ RUN ] app\admin\controller\Ajax->lang[ C:\wamp\www\TPC\tp5\application\admin\controller\Ajax.php ]
[ info ] [ LANG ] C:\wamp\www\TPC\tp5\public/../application/admin/lang/zh-cn/auth/rule.php
[ info ] [ BEHAVIOR ] Run app\admin\behavior\AdminLog @app_end [ RunTime:0.001000s ]
[ info ] [ LOG ] INIT File
---------------------------------------------------------------
[ 2017-10-21T18:00:25+08:00 ] ::1 ::1 GET /admin/ajax/lang?callback=define&controllername=dashboard&v=1508580024
[ info ] www.tpc.com/admin/ajax/lang?callback=define&controllername=dashboard&v=1508580024 [运行时间：0.103006s][吞吐率：9.71req/s] [内存消耗：2,857.13kb] [文件加载：70]
[ info ] [ BEHAVIOR ] Run Closure @app_init [ RunTime:0.000000s ]
[ info ] [ CACHE ] INIT File
[ info ] [ BEHAVIOR ] Run Closure @app_init [ RunTime:0.006001s ]
[ info ] [ LANG ] C:\wamp\www\TPC\tp5\thinkphp\lang\zh-cn.php
[ info ] [ ROUTE ] array (
  'type' => 'module',
  'module' => 
  array (
    0 => 'admin',
    1 => 'ajax',
    2 => 'lang',
  ),
)
[ info ] [ HEADER ] array (
  'host' => 'www.tpc.com',
  'connection' => 'keep-alive',
  'user-agent' => 'Mozilla/5.0 (Windows NT 6.1) AppleWebKit/537.36 (KHTML, like Gecko) Chrome/61.0.3163.100 Safari/537.36',
  'accept' => '*/*',
  'referer' => 'http://www.tpc.com/admin/dashboard?addtabs=1',
  'accept-encoding' => 'gzip, deflate',
  'accept-language' => 'zh-CN,zh;q=0.8',
  'cookie' => 'pgv_pvi=6686093312; ied_rf=www.tpc.com/homepage; pgv_pvid=2138241868; Hm_lvt_f8d0a8c400404989e195270b0bbf060a=1508576162,1508579976; Hm_lpvt_f8d0a8c400404989e195270b0bbf060a=1508579976; PHPSESSID=pqtcpft4ble6knk0fb0ldq6091',
)
[ info ] [ PARAM ] array (
  'callback' => 'define',
  'controllername' => 'dashboard',
  'v' => '1508580024',
)
[ info ] [ LANG ] C:\wamp\www\TPC\tp5\public/../application/admin\lang\zh-cn.php
[ info ] [ BEHAVIOR ] Run app\common\behavior\Common @module_init [ RunTime:0.001000s ]
[ info ] [ SESSION ] INIT array (
  'id' => '',
  'var_session_id' => '',
  'prefix' => 'think',
  'type' => '',
  'auto_start' => true,
)
[ info ] [ RUN ] app\admin\controller\Ajax->lang[ C:\wamp\www\TPC\tp5\application\admin\controller\Ajax.php ]
[ info ] [ LANG ] C:\wamp\www\TPC\tp5\public/../application/admin/lang/zh-cn/dashboard.php
[ info ] [ BEHAVIOR ] Run app\admin\behavior\AdminLog @app_end [ RunTime:0.001000s ]
[ info ] [ LOG ] INIT File
---------------------------------------------------------------
[ 2017-10-21T18:00:25+08:00 ] ::1 ::1 GET /admin/page?addtabs=1
[ info ] www.tpc.com/admin/page?addtabs=1 [运行时间：0.065003s][吞吐率：15.38req/s] [内存消耗：1,846.02kb] [文件加载：56]
[ info ] [ BEHAVIOR ] Run Closure @app_init [ RunTime:0.000000s ]
[ info ] [ CACHE ] INIT File
[ info ] [ BEHAVIOR ] Run Closure @app_init [ RunTime:0.018001s ]
[ info ] [ LANG ] C:\wamp\www\TPC\tp5\thinkphp\lang\zh-cn.php
[ info ] [ ROUTE ] array (
  'type' => 'module',
  'module' => 
  array (
    0 => 'admin',
    1 => 'page',
    2 => NULL,
  ),
)
[ info ] [ HEADER ] array (
  'host' => 'www.tpc.com',
  'connection' => 'keep-alive',
  'upgrade-insecure-requests' => '1',
  'user-agent' => 'Mozilla/5.0 (Windows NT 6.1) AppleWebKit/537.36 (KHTML, like Gecko) Chrome/61.0.3163.100 Safari/537.36',
  'accept' => 'text/html,application/xhtml+xml,application/xml;q=0.9,image/webp,image/apng,*/*;q=0.8',
  'referer' => 'http://www.tpc.com/admin/page?ref=addtabs',
  'accept-encoding' => 'gzip, deflate',
  'accept-language' => 'zh-CN,zh;q=0.8',
  'cookie' => 'pgv_pvi=6686093312; ied_rf=www.tpc.com/homepage; pgv_pvid=2138241868; Hm_lvt_f8d0a8c400404989e195270b0bbf060a=1508576162,1508579976; Hm_lpvt_f8d0a8c400404989e195270b0bbf060a=1508579976; PHPSESSID=pqtcpft4ble6knk0fb0ldq6091',
)
[ info ] [ PARAM ] array (
  'addtabs' => '1',
)
[ info ] [ LANG ] C:\wamp\www\TPC\tp5\public/../application/admin\lang\zh-cn.php
[ info ] [ BEHAVIOR ] Run app\common\behavior\Common @module_init [ RunTime:0.000000s ]
[ info ] [ LOG ] INIT File
---------------------------------------------------------------
[ 2017-10-21T18:00:26+08:00 ] ::1 ::1 GET /admin/auth/rule/index?sort=weigh&order=desc&_=1508580025401
[ info ] www.tpc.com/admin/auth/rule/index?sort=weigh&order=desc&_=1508580025401 [运行时间：0.182010s][吞吐率：5.49req/s] [内存消耗：3,879.73kb] [文件加载：80]
[ info ] [ BEHAVIOR ] Run Closure @app_init [ RunTime:0.000000s ]
[ info ] [ CACHE ] INIT File
[ info ] [ BEHAVIOR ] Run Closure @app_init [ RunTime:0.005000s ]
[ info ] [ LANG ] C:\wamp\www\TPC\tp5\thinkphp\lang\zh-cn.php
[ info ] [ ROUTE ] array (
  'type' => 'module',
  'module' => 
  array (
    0 => 'admin',
    1 => 'auth.rule',
    2 => 'index',
  ),
)
[ info ] [ HEADER ] array (
  'host' => 'www.tpc.com',
  'connection' => 'keep-alive',
  'accept' => 'application/json, text/javascript, */*; q=0.01',
  'x-requested-with' => 'XMLHttpRequest',
  'user-agent' => 'Mozilla/5.0 (Windows NT 6.1) AppleWebKit/537.36 (KHTML, like Gecko) Chrome/61.0.3163.100 Safari/537.36',
  'content-type' => 'application/json',
  'referer' => 'http://www.tpc.com/admin/auth/rule?addtabs=1',
  'accept-encoding' => 'gzip, deflate',
  'accept-language' => 'zh-CN,zh;q=0.8',
  'cookie' => 'pgv_pvi=6686093312; ied_rf=www.tpc.com/homepage; pgv_pvid=2138241868; Hm_lvt_f8d0a8c400404989e195270b0bbf060a=1508576162,1508579976; Hm_lpvt_f8d0a8c400404989e195270b0bbf060a=1508579976; PHPSESSID=pqtcpft4ble6knk0fb0ldq6091',
)
[ info ] [ PARAM ] array (
  'sort' => 'weigh',
  'order' => 'desc',
  '_' => '1508580025401',
)
[ info ] [ LANG ] C:\wamp\www\TPC\tp5\public/../application/admin\lang\zh-cn.php
[ info ] [ BEHAVIOR ] Run app\common\behavior\Common @module_init [ RunTime:0.001000s ]
[ info ] [ SESSION ] INIT array (
  'id' => '',
  'var_session_id' => '',
  'prefix' => 'think',
  'type' => '',
  'auto_start' => true,
)
[ info ] [ DB ] INIT mysql
[ info ] [ LANG ] C:\wamp\www\TPC\tp5\public/../application/admin/lang/zh-cn/auth/rule.php
[ info ] [ RUN ] app\admin\controller\auth\Rule->index[ C:\wamp\www\TPC\tp5\application\admin\controller\auth\Rule.php ]
[ info ] [ BEHAVIOR ] Run app\admin\behavior\AdminLog @app_end [ RunTime:0.000000s ]
[ info ] [ LOG ] INIT File
[ sql ] [ DB ] CONNECT:[ UseTime:0.003000s ] mysql:dbname=tpc;host=localhost;charset=utf8
[ sql ] [ SQL ] SHOW COLUMNS FROM `tpc_auth_group_access` [ RunTime:0.012001s ]
[ sql ] [ SQL ] SELECT `AuthGroupAccess`.`uid`,`AuthGroupAccess`.`group_id`,`AuthGroup`.`id`,`AuthGroup`.`pid`,`AuthGroup`.`name`,`AuthGroup`.`rules` FROM `tpc_auth_group_access` `AuthGroupAccess` LEFT JOIN `tpc_auth_group` `AuthGroup` ON `AuthGroupAccess`.`group_id`=`AuthGroup`.`id` WHERE  (  AuthGroupAccess.uid='1' and AuthGroup.status='normal' ) [ RunTime:0.004000s ]
[ sql ] [ SQL ] SHOW COLUMNS FROM `tpc_auth_rule` [ RunTime:0.003001s ]
[ sql ] [ SQL ] SELECT `id`,`pid`,`condition`,`icon`,`name`,`title`,`ismenu` FROM `tpc_auth_rule` WHERE  `status` = 'normal' [ RunTime:0.001000s ]
[ sql ] [ SQL ] SELECT * FROM `tpc_auth_rule` ORDER BY `weigh`  desc [ RunTime:0.002000s ]
